
a.elf:     file format elf32-avr

Sections:
Idx Name          Size      VMA       LMA       File off  Algn
  0 .text         0000012a  00000000  00000000  00000054  2**1
                  CONTENTS, ALLOC, LOAD, READONLY, CODE
  1 .comment      00000030  00000000  00000000  0000017e  2**0
                  CONTENTS, READONLY

Disassembly of section .text:

00000000 <__vectors>:
   0:	0c 94 34 00 	jmp	0x68	; 0x68 <__ctors_end>
   4:	0c 94 3e 00 	jmp	0x7c	; 0x7c <__bad_interrupt>
   8:	0c 94 3e 00 	jmp	0x7c	; 0x7c <__bad_interrupt>
   c:	0c 94 3e 00 	jmp	0x7c	; 0x7c <__bad_interrupt>
  10:	0c 94 3e 00 	jmp	0x7c	; 0x7c <__bad_interrupt>
  14:	0c 94 3e 00 	jmp	0x7c	; 0x7c <__bad_interrupt>
  18:	0c 94 3e 00 	jmp	0x7c	; 0x7c <__bad_interrupt>
  1c:	0c 94 3e 00 	jmp	0x7c	; 0x7c <__bad_interrupt>
  20:	0c 94 3e 00 	jmp	0x7c	; 0x7c <__bad_interrupt>
  24:	0c 94 3e 00 	jmp	0x7c	; 0x7c <__bad_interrupt>
  28:	0c 94 3e 00 	jmp	0x7c	; 0x7c <__bad_interrupt>
  2c:	0c 94 3e 00 	jmp	0x7c	; 0x7c <__bad_interrupt>
  30:	0c 94 3e 00 	jmp	0x7c	; 0x7c <__bad_interrupt>
  34:	0c 94 3e 00 	jmp	0x7c	; 0x7c <__bad_interrupt>
  38:	0c 94 3e 00 	jmp	0x7c	; 0x7c <__bad_interrupt>
  3c:	0c 94 3e 00 	jmp	0x7c	; 0x7c <__bad_interrupt>
  40:	0c 94 3e 00 	jmp	0x7c	; 0x7c <__bad_interrupt>
  44:	0c 94 3e 00 	jmp	0x7c	; 0x7c <__bad_interrupt>
  48:	0c 94 3e 00 	jmp	0x7c	; 0x7c <__bad_interrupt>
  4c:	0c 94 3e 00 	jmp	0x7c	; 0x7c <__bad_interrupt>
  50:	0c 94 3e 00 	jmp	0x7c	; 0x7c <__bad_interrupt>
  54:	0c 94 3e 00 	jmp	0x7c	; 0x7c <__bad_interrupt>
  58:	0c 94 3e 00 	jmp	0x7c	; 0x7c <__bad_interrupt>
  5c:	0c 94 3e 00 	jmp	0x7c	; 0x7c <__bad_interrupt>
  60:	0c 94 3e 00 	jmp	0x7c	; 0x7c <__bad_interrupt>
  64:	0c 94 3e 00 	jmp	0x7c	; 0x7c <__bad_interrupt>

00000068 <__ctors_end>:
  68:	11 24       	eor	r1, r1
  6a:	1f be       	out	0x3f, r1	; 63
  6c:	cf ef       	ldi	r28, 0xFF	; 255
  6e:	d8 e0       	ldi	r29, 0x08	; 8
  70:	de bf       	out	0x3e, r29	; 62
  72:	cd bf       	out	0x3d, r28	; 61
  74:	0e 94 40 00 	call	0x80	; 0x80 <main>
  78:	0c 94 93 00 	jmp	0x126	; 0x126 <_exit>

0000007c <__bad_interrupt>:
  7c:	0c 94 00 00 	jmp	0	; 0x0 <__vectors>

00000080 <main>:
  80:	cf 93       	push	r28
  82:	df 93       	push	r29
  84:	cd b7       	in	r28, 0x3d	; 61
  86:	de b7       	in	r29, 0x3e	; 62
  88:	2a 97       	sbiw	r28, 0x0a	; 10
  8a:	0f b6       	in	r0, 0x3f	; 63
  8c:	f8 94       	cli
  8e:	de bf       	out	0x3e, r29	; 62
  90:	0f be       	out	0x3f, r0	; 63
  92:	cd bf       	out	0x3d, r28	; 61
  94:	84 e0       	ldi	r24, 0x04	; 4
  96:	8a b9       	out	0x0a, r24	; 10
  98:	8e e0       	ldi	r24, 0x0E	; 14
  9a:	80 93 c2 00 	sts	0x00C2, r24
  9e:	8c e0       	ldi	r24, 0x0C	; 12
  a0:	80 93 c4 00 	sts	0x00C4, r24
  a4:	10 92 c5 00 	sts	0x00C5, r1
  a8:	ce 01       	movw	r24, r28
  aa:	0b 96       	adiw	r24, 0x0b	; 11
  ac:	40 e1       	ldi	r20, 0x10	; 16
  ae:	38 e0       	ldi	r19, 0x08	; 8
  b0:	10 92 c1 00 	sts	0x00C1, r1
  b4:	5a 98       	cbi	0x0b, 2	; 11
  b6:	ef e0       	ldi	r30, 0x0F	; 15
  b8:	f7 e2       	ldi	r31, 0x27	; 39
  ba:	31 97       	sbiw	r30, 0x01	; 1
  bc:	f1 f7       	brne	.-4      	; 0xba <main+0x3a>
  be:	00 c0       	rjmp	.+0      	; 0xc0 <main+0x40>
  c0:	00 00       	nop
  c2:	40 93 c1 00 	sts	0x00C1, r20
  c6:	fe 01       	movw	r30, r28
  c8:	31 96       	adiw	r30, 0x01	; 1
  ca:	20 91 c0 00 	lds	r18, 0x00C0
  ce:	27 ff       	sbrs	r18, 7
  d0:	fc cf       	rjmp	.-8      	; 0xca <main+0x4a>
  d2:	20 91 c6 00 	lds	r18, 0x00C6
  d6:	21 93       	st	Z+, r18
  d8:	e8 17       	cp	r30, r24
  da:	f9 07       	cpc	r31, r25
  dc:	b1 f7       	brne	.-20     	; 0xca <main+0x4a>
  de:	ef e0       	ldi	r30, 0x0F	; 15
  e0:	f7 e2       	ldi	r31, 0x27	; 39
  e2:	31 97       	sbiw	r30, 0x01	; 1
  e4:	f1 f7       	brne	.-4      	; 0xe2 <main+0x62>
  e6:	00 c0       	rjmp	.+0      	; 0xe8 <main+0x68>
  e8:	00 00       	nop
  ea:	10 92 c1 00 	sts	0x00C1, r1
  ee:	5a 9a       	sbi	0x0b, 2	; 11
  f0:	ef e0       	ldi	r30, 0x0F	; 15
  f2:	f7 e2       	ldi	r31, 0x27	; 39
  f4:	31 97       	sbiw	r30, 0x01	; 1
  f6:	f1 f7       	brne	.-4      	; 0xf4 <main+0x74>
  f8:	00 c0       	rjmp	.+0      	; 0xfa <main+0x7a>
  fa:	00 00       	nop
  fc:	30 93 c1 00 	sts	0x00C1, r19
 100:	fe 01       	movw	r30, r28
 102:	31 96       	adiw	r30, 0x01	; 1
 104:	20 91 c0 00 	lds	r18, 0x00C0
 108:	25 ff       	sbrs	r18, 5
 10a:	fc cf       	rjmp	.-8      	; 0x104 <main+0x84>
 10c:	21 91       	ld	r18, Z+
 10e:	20 93 c6 00 	sts	0x00C6, r18
 112:	e8 17       	cp	r30, r24
 114:	f9 07       	cpc	r31, r25
 116:	b1 f7       	brne	.-20     	; 0x104 <main+0x84>
 118:	ef e0       	ldi	r30, 0x0F	; 15
 11a:	f7 e2       	ldi	r31, 0x27	; 39
 11c:	31 97       	sbiw	r30, 0x01	; 1
 11e:	f1 f7       	brne	.-4      	; 0x11c <main+0x9c>
 120:	00 c0       	rjmp	.+0      	; 0x122 <main+0xa2>
 122:	00 00       	nop
 124:	c5 cf       	rjmp	.-118    	; 0xb0 <main+0x30>

00000126 <_exit>:
 126:	f8 94       	cli

00000128 <__stop_program>:
 128:	ff cf       	rjmp	.-2      	; 0x128 <__stop_program>
